ERROR - 2022-08-02 16:00:37 --> Error connecting to the database: Nenhuma conexão pôde ser feita porque a máquina de destino as recusou ativamente
CRITICAL - 2022-08-02 16:00:37 --> Unable to connect to the database.
Main connection [MySQLi]: Nenhuma conexão pôde ser feita porque a máquina de destino as recusou ativamente
in SYSTEMPATH\Database\BaseConnection.php on line 416.
 1 SYSTEMPATH\Database\BaseConnection.php(586): CodeIgniter\Database\BaseConnection->initialize()
 2 SYSTEMPATH\Database\BaseBuilder.php(1585): CodeIgniter\Database\BaseConnection->query('SELECT `id`, `nome`, `email`, `ativo`, `imagem`
FROM `usuarios`
WHERE `usuarios`.`deletado_em` IS NULL', [], false)
 3 SYSTEMPATH\Model.php(222): CodeIgniter\Database\BaseBuilder->get()
 4 SYSTEMPATH\BaseModel.php(584): CodeIgniter\Model->doFindAll(0, 0)
 5 APPPATH\Controllers\Usuarios.php(42): CodeIgniter\BaseModel->findAll()
 6 SYSTEMPATH\CodeIgniter.php(896): App\Controllers\Usuarios->recuperaUsuarios()
 7 SYSTEMPATH\CodeIgniter.php(466): CodeIgniter\CodeIgniter->runController(Object(App\Controllers\Usuarios))
 8 SYSTEMPATH\CodeIgniter.php(349): CodeIgniter\CodeIgniter->handleRequest(null, Object(Config\Cache), false)
 9 FCPATH\index.php(55): CodeIgniter\CodeIgniter->run()
10 SYSTEMPATH\Commands\Server\rewrite.php(43): require_once('FCPATH\\index.php')
ERROR - 2022-08-02 16:02:05 --> Error connecting to the database: Nenhuma conexão pôde ser feita porque a máquina de destino as recusou ativamente
CRITICAL - 2022-08-02 16:02:05 --> Unable to connect to the database.
Main connection [MySQLi]: Nenhuma conexão pôde ser feita porque a máquina de destino as recusou ativamente
in SYSTEMPATH\Database\BaseConnection.php on line 416.
 1 SYSTEMPATH\Database\BaseConnection.php(586): CodeIgniter\Database\BaseConnection->initialize()
 2 SYSTEMPATH\Database\BaseBuilder.php(1585): CodeIgniter\Database\BaseConnection->query('SELECT `id`, `nome`, `email`, `ativo`, `imagem`
FROM `usuarios`
WHERE `usuarios`.`deletado_em` IS NULL', [], false)
 3 SYSTEMPATH\Model.php(222): CodeIgniter\Database\BaseBuilder->get()
 4 SYSTEMPATH\BaseModel.php(584): CodeIgniter\Model->doFindAll(0, 0)
 5 APPPATH\Controllers\Usuarios.php(42): CodeIgniter\BaseModel->findAll()
 6 SYSTEMPATH\CodeIgniter.php(896): App\Controllers\Usuarios->recuperaUsuarios()
 7 SYSTEMPATH\CodeIgniter.php(466): CodeIgniter\CodeIgniter->runController(Object(App\Controllers\Usuarios))
 8 SYSTEMPATH\CodeIgniter.php(349): CodeIgniter\CodeIgniter->handleRequest(null, Object(Config\Cache), false)
 9 FCPATH\index.php(55): CodeIgniter\CodeIgniter->run()
10 SYSTEMPATH\Commands\Server\rewrite.php(43): require_once('FCPATH\\index.php')
CRITICAL - 2022-08-02 16:13:26 --> Arquivo inválido: Usuarios/exibir.php
in SYSTEMPATH\Exceptions\FrameworkException.php on line 33.
 1 SYSTEMPATH\View\View.php(201): CodeIgniter\Exceptions\FrameworkException::forInvalidFile('Usuarios/exibir.php')
 2 SYSTEMPATH\Common.php(1135): CodeIgniter\View\View->render('Usuarios/exibir', [], true)
 3 APPPATH\Controllers\Usuarios.php(76): view('Usuarios/exibir', [...])
 4 SYSTEMPATH\CodeIgniter.php(896): App\Controllers\Usuarios->exibir(5)
 5 SYSTEMPATH\CodeIgniter.php(466): CodeIgniter\CodeIgniter->runController(Object(App\Controllers\Usuarios))
 6 SYSTEMPATH\CodeIgniter.php(349): CodeIgniter\CodeIgniter->handleRequest(null, Object(Config\Cache), false)
 7 FCPATH\index.php(55): CodeIgniter\CodeIgniter->run()
 8 SYSTEMPATH\Commands\Server\rewrite.php(43): require_once('FCPATH\\index.php')
CRITICAL - 2022-08-02 16:22:33 --> App\Controllers\Usuarios::exibir(): Argument #1 ($id) must be of type ?int, string given, called in C:\xampp\htdocs\codeigniter-ead\vendor\codeigniter4\framework\system\CodeIgniter.php on line 896
in APPPATH\Controllers\Usuarios.php on line 66.
 1 SYSTEMPATH\CodeIgniter.php(896): App\Controllers\Usuarios->exibir('vendor', 'bootstrap', 'js', 'bootstrap.bundle.min.js')
 2 SYSTEMPATH\CodeIgniter.php(466): CodeIgniter\CodeIgniter->runController(Object(App\Controllers\Usuarios))
 3 SYSTEMPATH\CodeIgniter.php(349): CodeIgniter\CodeIgniter->handleRequest(null, Object(Config\Cache), false)
 4 FCPATH\index.php(55): CodeIgniter\CodeIgniter->run()
 5 SYSTEMPATH\Commands\Server\rewrite.php(43): require_once('FCPATH\\index.php')
CRITICAL - 2022-08-02 16:23:34 --> App\Controllers\Usuarios::exibir(): Argument #1 ($id) must be of type ?int, string given, called in C:\xampp\htdocs\codeigniter-ead\vendor\codeigniter4\framework\system\CodeIgniter.php on line 896
in APPPATH\Controllers\Usuarios.php on line 66.
 1 SYSTEMPATH\CodeIgniter.php(896): App\Controllers\Usuarios->exibir('vendor', 'bootstrap', 'js', 'bootstrap.bundle.min.js')
 2 SYSTEMPATH\CodeIgniter.php(466): CodeIgniter\CodeIgniter->runController(Object(App\Controllers\Usuarios))
 3 SYSTEMPATH\CodeIgniter.php(349): CodeIgniter\CodeIgniter->handleRequest(null, Object(Config\Cache), false)
 4 FCPATH\index.php(55): CodeIgniter\CodeIgniter->run()
 5 SYSTEMPATH\Commands\Server\rewrite.php(43): require_once('FCPATH\\index.php')
CRITICAL - 2022-08-02 16:26:09 --> syntax error, unexpected token "if"
in APPPATH\Views\Usuarios\exibir.php on line 34.
 1 SYSTEMPATH\View\View.php(216): CodeIgniter\View\View->CodeIgniter\View\{closure}()
 2 SYSTEMPATH\Common.php(1135): CodeIgniter\View\View->render('Usuarios/exibir', [], true)
 3 APPPATH\Controllers\Usuarios.php(76): view('Usuarios/exibir', [...])
 4 SYSTEMPATH\CodeIgniter.php(896): App\Controllers\Usuarios->exibir(2)
 5 SYSTEMPATH\CodeIgniter.php(466): CodeIgniter\CodeIgniter->runController(Object(App\Controllers\Usuarios))
 6 SYSTEMPATH\CodeIgniter.php(349): CodeIgniter\CodeIgniter->handleRequest(null, Object(Config\Cache), false)
 7 FCPATH\index.php(55): CodeIgniter\CodeIgniter->run()
 8 SYSTEMPATH\Commands\Server\rewrite.php(43): require_once('FCPATH\\index.php')
CRITICAL - 2022-08-02 16:28:38 --> App\Controllers\Usuarios::exibir(): Argument #1 ($id) must be of type ?int, string given, called in C:\xampp\htdocs\codeigniter-ead\vendor\codeigniter4\framework\system\CodeIgniter.php on line 896
in APPPATH\Controllers\Usuarios.php on line 66.
 1 SYSTEMPATH\CodeIgniter.php(896): App\Controllers\Usuarios->exibir('vendor', 'bootstrap', 'js', 'bootstrap.bundle.min.js')
 2 SYSTEMPATH\CodeIgniter.php(466): CodeIgniter\CodeIgniter->runController(Object(App\Controllers\Usuarios))
 3 SYSTEMPATH\CodeIgniter.php(349): CodeIgniter\CodeIgniter->handleRequest(null, Object(Config\Cache), false)
 4 FCPATH\index.php(55): CodeIgniter\CodeIgniter->run()
 5 SYSTEMPATH\Commands\Server\rewrite.php(43): require_once('FCPATH\\index.php')
CRITICAL - 2022-08-02 16:30:57 --> App\Controllers\Usuarios::exibir(): Argument #1 ($id) must be of type ?int, string given, called in C:\xampp\htdocs\codeigniter-ead\vendor\codeigniter4\framework\system\CodeIgniter.php on line 896
in APPPATH\Controllers\Usuarios.php on line 66.
 1 SYSTEMPATH\CodeIgniter.php(896): App\Controllers\Usuarios->exibir('vendor', 'bootstrap', 'js', 'bootstrap.bundle.min.js')
 2 SYSTEMPATH\CodeIgniter.php(466): CodeIgniter\CodeIgniter->runController(Object(App\Controllers\Usuarios))
 3 SYSTEMPATH\CodeIgniter.php(349): CodeIgniter\CodeIgniter->handleRequest(null, Object(Config\Cache), false)
 4 FCPATH\index.php(55): CodeIgniter\CodeIgniter->run()
 5 SYSTEMPATH\Commands\Server\rewrite.php(43): require_once('FCPATH\\index.php')
CRITICAL - 2022-08-02 16:34:15 --> App\Controllers\Usuarios::exibir(): Argument #1 ($id) must be of type ?int, string given, called in C:\xampp\htdocs\codeigniter-ead\vendor\codeigniter4\framework\system\CodeIgniter.php on line 896
in APPPATH\Controllers\Usuarios.php on line 66.
 1 SYSTEMPATH\CodeIgniter.php(896): App\Controllers\Usuarios->exibir('vendor', 'bootstrap', 'js', 'bootstrap.bundle.min.js')
 2 SYSTEMPATH\CodeIgniter.php(466): CodeIgniter\CodeIgniter->runController(Object(App\Controllers\Usuarios))
 3 SYSTEMPATH\CodeIgniter.php(349): CodeIgniter\CodeIgniter->handleRequest(null, Object(Config\Cache), false)
 4 FCPATH\index.php(55): CodeIgniter\CodeIgniter->run()
 5 SYSTEMPATH\Commands\Server\rewrite.php(43): require_once('FCPATH\\index.php')
CRITICAL - 2022-08-02 16:35:38 --> App\Controllers\Usuarios::exibir(): Argument #1 ($id) must be of type ?int, string given, called in C:\xampp\htdocs\codeigniter-ead\vendor\codeigniter4\framework\system\CodeIgniter.php on line 896
in APPPATH\Controllers\Usuarios.php on line 66.
 1 SYSTEMPATH\CodeIgniter.php(896): App\Controllers\Usuarios->exibir('vendor', 'bootstrap', 'js', 'bootstrap.bundle.min.js')
 2 SYSTEMPATH\CodeIgniter.php(466): CodeIgniter\CodeIgniter->runController(Object(App\Controllers\Usuarios))
 3 SYSTEMPATH\CodeIgniter.php(349): CodeIgniter\CodeIgniter->handleRequest(null, Object(Config\Cache), false)
 4 FCPATH\index.php(55): CodeIgniter\CodeIgniter->run()
 5 SYSTEMPATH\Commands\Server\rewrite.php(43): require_once('FCPATH\\index.php')
CRITICAL - 2022-08-02 16:36:11 --> App\Controllers\Usuarios::exibir(): Argument #1 ($id) must be of type ?int, string given, called in C:\xampp\htdocs\codeigniter-ead\vendor\codeigniter4\framework\system\CodeIgniter.php on line 896
in APPPATH\Controllers\Usuarios.php on line 66.
 1 SYSTEMPATH\CodeIgniter.php(896): App\Controllers\Usuarios->exibir('vendor', 'bootstrap', 'js', 'bootstrap.bundle.min.js')
 2 SYSTEMPATH\CodeIgniter.php(466): CodeIgniter\CodeIgniter->runController(Object(App\Controllers\Usuarios))
 3 SYSTEMPATH\CodeIgniter.php(349): CodeIgniter\CodeIgniter->handleRequest(null, Object(Config\Cache), false)
 4 FCPATH\index.php(55): CodeIgniter\CodeIgniter->run()
 5 SYSTEMPATH\Commands\Server\rewrite.php(43): require_once('FCPATH\\index.php')
CRITICAL - 2022-08-02 16:37:09 --> App\Controllers\Usuarios::exibir(): Argument #1 ($id) must be of type ?int, string given, called in C:\xampp\htdocs\codeigniter-ead\vendor\codeigniter4\framework\system\CodeIgniter.php on line 896
in APPPATH\Controllers\Usuarios.php on line 66.
 1 SYSTEMPATH\CodeIgniter.php(896): App\Controllers\Usuarios->exibir('vendor', 'bootstrap', 'js', 'bootstrap.bundle.min.js')
 2 SYSTEMPATH\CodeIgniter.php(466): CodeIgniter\CodeIgniter->runController(Object(App\Controllers\Usuarios))
 3 SYSTEMPATH\CodeIgniter.php(349): CodeIgniter\CodeIgniter->handleRequest(null, Object(Config\Cache), false)
 4 FCPATH\index.php(55): CodeIgniter\CodeIgniter->run()
 5 SYSTEMPATH\Commands\Server\rewrite.php(43): require_once('FCPATH\\index.php')
CRITICAL - 2022-08-02 16:38:35 --> App\Controllers\Usuarios::exibir(): Argument #1 ($id) must be of type ?int, string given, called in C:\xampp\htdocs\codeigniter-ead\vendor\codeigniter4\framework\system\CodeIgniter.php on line 896
in APPPATH\Controllers\Usuarios.php on line 66.
 1 SYSTEMPATH\CodeIgniter.php(896): App\Controllers\Usuarios->exibir('vendor', 'bootstrap', 'js', 'bootstrap.bundle.min.js')
 2 SYSTEMPATH\CodeIgniter.php(466): CodeIgniter\CodeIgniter->runController(Object(App\Controllers\Usuarios))
 3 SYSTEMPATH\CodeIgniter.php(349): CodeIgniter\CodeIgniter->handleRequest(null, Object(Config\Cache), false)
 4 FCPATH\index.php(55): CodeIgniter\CodeIgniter->run()
 5 SYSTEMPATH\Commands\Server\rewrite.php(43): require_once('FCPATH\\index.php')
CRITICAL - 2022-08-02 16:39:12 --> App\Controllers\Usuarios::exibir(): Argument #1 ($id) must be of type ?int, string given, called in C:\xampp\htdocs\codeigniter-ead\vendor\codeigniter4\framework\system\CodeIgniter.php on line 896
in APPPATH\Controllers\Usuarios.php on line 66.
 1 SYSTEMPATH\CodeIgniter.php(896): App\Controllers\Usuarios->exibir('vendor', 'bootstrap', 'js', 'bootstrap.bundle.min.js')
 2 SYSTEMPATH\CodeIgniter.php(466): CodeIgniter\CodeIgniter->runController(Object(App\Controllers\Usuarios))
 3 SYSTEMPATH\CodeIgniter.php(349): CodeIgniter\CodeIgniter->handleRequest(null, Object(Config\Cache), false)
 4 FCPATH\index.php(55): CodeIgniter\CodeIgniter->run()
 5 SYSTEMPATH\Commands\Server\rewrite.php(43): require_once('FCPATH\\index.php')
CRITICAL - 2022-08-02 16:39:40 --> App\Controllers\Usuarios::exibir(): Argument #1 ($id) must be of type ?int, string given, called in C:\xampp\htdocs\codeigniter-ead\vendor\codeigniter4\framework\system\CodeIgniter.php on line 896
in APPPATH\Controllers\Usuarios.php on line 66.
 1 SYSTEMPATH\CodeIgniter.php(896): App\Controllers\Usuarios->exibir('vendor', 'bootstrap', 'js', 'bootstrap.bundle.min.js')
 2 SYSTEMPATH\CodeIgniter.php(466): CodeIgniter\CodeIgniter->runController(Object(App\Controllers\Usuarios))
 3 SYSTEMPATH\CodeIgniter.php(349): CodeIgniter\CodeIgniter->handleRequest(null, Object(Config\Cache), false)
 4 FCPATH\index.php(55): CodeIgniter\CodeIgniter->run()
 5 SYSTEMPATH\Commands\Server\rewrite.php(43): require_once('FCPATH\\index.php')
CRITICAL - 2022-08-02 16:40:20 --> App\Controllers\Usuarios::exibir(): Argument #1 ($id) must be of type ?int, string given, called in C:\xampp\htdocs\codeigniter-ead\vendor\codeigniter4\framework\system\CodeIgniter.php on line 896
in APPPATH\Controllers\Usuarios.php on line 66.
 1 SYSTEMPATH\CodeIgniter.php(896): App\Controllers\Usuarios->exibir('vendor', 'bootstrap', 'js', 'bootstrap.bundle.min.js')
 2 SYSTEMPATH\CodeIgniter.php(466): CodeIgniter\CodeIgniter->runController(Object(App\Controllers\Usuarios))
 3 SYSTEMPATH\CodeIgniter.php(349): CodeIgniter\CodeIgniter->handleRequest(null, Object(Config\Cache), false)
 4 FCPATH\index.php(55): CodeIgniter\CodeIgniter->run()
 5 SYSTEMPATH\Commands\Server\rewrite.php(43): require_once('FCPATH\\index.php')
CRITICAL - 2022-08-02 16:40:28 --> App\Controllers\Usuarios::exibir(): Argument #1 ($id) must be of type ?int, string given, called in C:\xampp\htdocs\codeigniter-ead\vendor\codeigniter4\framework\system\CodeIgniter.php on line 896
in APPPATH\Controllers\Usuarios.php on line 66.
 1 SYSTEMPATH\CodeIgniter.php(896): App\Controllers\Usuarios->exibir('vendor', 'bootstrap', 'js', 'bootstrap.bundle.min.js')
 2 SYSTEMPATH\CodeIgniter.php(466): CodeIgniter\CodeIgniter->runController(Object(App\Controllers\Usuarios))
 3 SYSTEMPATH\CodeIgniter.php(349): CodeIgniter\CodeIgniter->handleRequest(null, Object(Config\Cache), false)
 4 FCPATH\index.php(55): CodeIgniter\CodeIgniter->run()
 5 SYSTEMPATH\Commands\Server\rewrite.php(43): require_once('FCPATH\\index.php')
CRITICAL - 2022-08-02 16:41:43 --> App\Controllers\Usuarios::exibir(): Argument #1 ($id) must be of type ?int, string given, called in C:\xampp\htdocs\codeigniter-ead\vendor\codeigniter4\framework\system\CodeIgniter.php on line 896
in APPPATH\Controllers\Usuarios.php on line 66.
 1 SYSTEMPATH\CodeIgniter.php(896): App\Controllers\Usuarios->exibir('vendor', 'bootstrap', 'js', 'bootstrap.bundle.min.js')
 2 SYSTEMPATH\CodeIgniter.php(466): CodeIgniter\CodeIgniter->runController(Object(App\Controllers\Usuarios))
 3 SYSTEMPATH\CodeIgniter.php(349): CodeIgniter\CodeIgniter->handleRequest(null, Object(Config\Cache), false)
 4 FCPATH\index.php(55): CodeIgniter\CodeIgniter->run()
 5 SYSTEMPATH\Commands\Server\rewrite.php(43): require_once('FCPATH\\index.php')
CRITICAL - 2022-08-02 16:42:33 --> App\Controllers\Usuarios::exibir(): Argument #1 ($id) must be of type ?int, string given, called in C:\xampp\htdocs\codeigniter-ead\vendor\codeigniter4\framework\system\CodeIgniter.php on line 896
in APPPATH\Controllers\Usuarios.php on line 66.
 1 SYSTEMPATH\CodeIgniter.php(896): App\Controllers\Usuarios->exibir('vendor', 'bootstrap', 'js', 'bootstrap.bundle.min.js')
 2 SYSTEMPATH\CodeIgniter.php(466): CodeIgniter\CodeIgniter->runController(Object(App\Controllers\Usuarios))
 3 SYSTEMPATH\CodeIgniter.php(349): CodeIgniter\CodeIgniter->handleRequest(null, Object(Config\Cache), false)
 4 FCPATH\index.php(55): CodeIgniter\CodeIgniter->run()
 5 SYSTEMPATH\Commands\Server\rewrite.php(43): require_once('FCPATH\\index.php')
CRITICAL - 2022-08-02 16:44:33 --> App\Controllers\Usuarios::exibir(): Argument #1 ($id) must be of type ?int, string given, called in C:\xampp\htdocs\codeigniter-ead\vendor\codeigniter4\framework\system\CodeIgniter.php on line 896
in APPPATH\Controllers\Usuarios.php on line 66.
 1 SYSTEMPATH\CodeIgniter.php(896): App\Controllers\Usuarios->exibir('vendor', 'bootstrap', 'js', 'bootstrap.bundle.min.js')
 2 SYSTEMPATH\CodeIgniter.php(466): CodeIgniter\CodeIgniter->runController(Object(App\Controllers\Usuarios))
 3 SYSTEMPATH\CodeIgniter.php(349): CodeIgniter\CodeIgniter->handleRequest(null, Object(Config\Cache), false)
 4 FCPATH\index.php(55): CodeIgniter\CodeIgniter->run()
 5 SYSTEMPATH\Commands\Server\rewrite.php(43): require_once('FCPATH\\index.php')
CRITICAL - 2022-08-02 16:45:05 --> App\Controllers\Usuarios::exibir(): Argument #1 ($id) must be of type ?int, string given, called in C:\xampp\htdocs\codeigniter-ead\vendor\codeigniter4\framework\system\CodeIgniter.php on line 896
in APPPATH\Controllers\Usuarios.php on line 66.
 1 SYSTEMPATH\CodeIgniter.php(896): App\Controllers\Usuarios->exibir('vendor', 'bootstrap', 'js', 'bootstrap.bundle.min.js')
 2 SYSTEMPATH\CodeIgniter.php(466): CodeIgniter\CodeIgniter->runController(Object(App\Controllers\Usuarios))
 3 SYSTEMPATH\CodeIgniter.php(349): CodeIgniter\CodeIgniter->handleRequest(null, Object(Config\Cache), false)
 4 FCPATH\index.php(55): CodeIgniter\CodeIgniter->run()
 5 SYSTEMPATH\Commands\Server\rewrite.php(43): require_once('FCPATH\\index.php')
CRITICAL - 2022-08-02 16:46:24 --> App\Controllers\Usuarios::exibir(): Argument #1 ($id) must be of type ?int, string given, called in C:\xampp\htdocs\codeigniter-ead\vendor\codeigniter4\framework\system\CodeIgniter.php on line 896
in APPPATH\Controllers\Usuarios.php on line 66.
 1 SYSTEMPATH\CodeIgniter.php(896): App\Controllers\Usuarios->exibir('vendor', 'bootstrap', 'js', 'bootstrap.bundle.min.js')
 2 SYSTEMPATH\CodeIgniter.php(466): CodeIgniter\CodeIgniter->runController(Object(App\Controllers\Usuarios))
 3 SYSTEMPATH\CodeIgniter.php(349): CodeIgniter\CodeIgniter->handleRequest(null, Object(Config\Cache), false)
 4 FCPATH\index.php(55): CodeIgniter\CodeIgniter->run()
 5 SYSTEMPATH\Commands\Server\rewrite.php(43): require_once('FCPATH\\index.php')
CRITICAL - 2022-08-02 16:52:59 --> App\Controllers\Usuarios::exibir(): Argument #1 ($id) must be of type ?int, string given, called in C:\xampp\htdocs\codeigniter-ead\vendor\codeigniter4\framework\system\CodeIgniter.php on line 896
in APPPATH\Controllers\Usuarios.php on line 66.
 1 SYSTEMPATH\CodeIgniter.php(896): App\Controllers\Usuarios->exibir('vendor', 'bootstrap', 'js', 'bootstrap.bundle.min.js')
 2 SYSTEMPATH\CodeIgniter.php(466): CodeIgniter\CodeIgniter->runController(Object(App\Controllers\Usuarios))
 3 SYSTEMPATH\CodeIgniter.php(349): CodeIgniter\CodeIgniter->handleRequest(null, Object(Config\Cache), false)
 4 FCPATH\index.php(55): CodeIgniter\CodeIgniter->run()
 5 SYSTEMPATH\Commands\Server\rewrite.php(43): require_once('FCPATH\\index.php')
CRITICAL - 2022-08-02 17:06:59 --> App\Controllers\Usuarios::exibir(): Argument #1 ($id) must be of type ?int, string given, called in C:\xampp\htdocs\codeigniter-ead\vendor\codeigniter4\framework\system\CodeIgniter.php on line 896
in APPPATH\Controllers\Usuarios.php on line 66.
 1 SYSTEMPATH\CodeIgniter.php(896): App\Controllers\Usuarios->exibir('vendor', 'bootstrap', 'js', 'bootstrap.bundle.min.js')
 2 SYSTEMPATH\CodeIgniter.php(466): CodeIgniter\CodeIgniter->runController(Object(App\Controllers\Usuarios))
 3 SYSTEMPATH\CodeIgniter.php(349): CodeIgniter\CodeIgniter->handleRequest(null, Object(Config\Cache), false)
 4 FCPATH\index.php(55): CodeIgniter\CodeIgniter->run()
 5 SYSTEMPATH\Commands\Server\rewrite.php(43): require_once('FCPATH\\index.php')
CRITICAL - 2022-08-02 17:07:03 --> App\Controllers\Usuarios::exibir(): Argument #1 ($id) must be of type ?int, string given, called in C:\xampp\htdocs\codeigniter-ead\vendor\codeigniter4\framework\system\CodeIgniter.php on line 896
in APPPATH\Controllers\Usuarios.php on line 66.
 1 SYSTEMPATH\CodeIgniter.php(896): App\Controllers\Usuarios->exibir('vendor', 'bootstrap', 'js', 'bootstrap.bundle.min.js')
 2 SYSTEMPATH\CodeIgniter.php(466): CodeIgniter\CodeIgniter->runController(Object(App\Controllers\Usuarios))
 3 SYSTEMPATH\CodeIgniter.php(349): CodeIgniter\CodeIgniter->handleRequest(null, Object(Config\Cache), false)
 4 FCPATH\index.php(55): CodeIgniter\CodeIgniter->run()
 5 SYSTEMPATH\Commands\Server\rewrite.php(43): require_once('FCPATH\\index.php')
CRITICAL - 2022-08-02 17:07:09 --> App\Controllers\Usuarios::exibir(): Argument #1 ($id) must be of type ?int, string given, called in C:\xampp\htdocs\codeigniter-ead\vendor\codeigniter4\framework\system\CodeIgniter.php on line 896
in APPPATH\Controllers\Usuarios.php on line 66.
 1 SYSTEMPATH\CodeIgniter.php(896): App\Controllers\Usuarios->exibir('vendor', 'bootstrap', 'js', 'bootstrap.bundle.min.js')
 2 SYSTEMPATH\CodeIgniter.php(466): CodeIgniter\CodeIgniter->runController(Object(App\Controllers\Usuarios))
 3 SYSTEMPATH\CodeIgniter.php(349): CodeIgniter\CodeIgniter->handleRequest(null, Object(Config\Cache), false)
 4 FCPATH\index.php(55): CodeIgniter\CodeIgniter->run()
 5 SYSTEMPATH\Commands\Server\rewrite.php(43): require_once('FCPATH\\index.php')
CRITICAL - 2022-08-02 17:09:30 --> App\Controllers\Usuarios::exibir(): Argument #1 ($id) must be of type ?int, string given, called in C:\xampp\htdocs\codeigniter-ead\vendor\codeigniter4\framework\system\CodeIgniter.php on line 896
in APPPATH\Controllers\Usuarios.php on line 66.
 1 SYSTEMPATH\CodeIgniter.php(896): App\Controllers\Usuarios->exibir('vendor', 'bootstrap', 'js', 'bootstrap.bundle.min.js')
 2 SYSTEMPATH\CodeIgniter.php(466): CodeIgniter\CodeIgniter->runController(Object(App\Controllers\Usuarios))
 3 SYSTEMPATH\CodeIgniter.php(349): CodeIgniter\CodeIgniter->handleRequest(null, Object(Config\Cache), false)
 4 FCPATH\index.php(55): CodeIgniter\CodeIgniter->run()
 5 SYSTEMPATH\Commands\Server\rewrite.php(43): require_once('FCPATH\\index.php')
CRITICAL - 2022-08-02 17:09:32 --> App\Controllers\Usuarios::exibir(): Argument #1 ($id) must be of type ?int, string given, called in C:\xampp\htdocs\codeigniter-ead\vendor\codeigniter4\framework\system\CodeIgniter.php on line 896
in APPPATH\Controllers\Usuarios.php on line 66.
 1 SYSTEMPATH\CodeIgniter.php(896): App\Controllers\Usuarios->exibir('vendor', 'bootstrap', 'js', 'bootstrap.bundle.min.js')
 2 SYSTEMPATH\CodeIgniter.php(466): CodeIgniter\CodeIgniter->runController(Object(App\Controllers\Usuarios))
 3 SYSTEMPATH\CodeIgniter.php(349): CodeIgniter\CodeIgniter->handleRequest(null, Object(Config\Cache), false)
 4 FCPATH\index.php(55): CodeIgniter\CodeIgniter->run()
 5 SYSTEMPATH\Commands\Server\rewrite.php(43): require_once('FCPATH\\index.php')
CRITICAL - 2022-08-02 17:09:36 --> App\Controllers\Usuarios::exibir(): Argument #1 ($id) must be of type ?int, string given, called in C:\xampp\htdocs\codeigniter-ead\vendor\codeigniter4\framework\system\CodeIgniter.php on line 896
in APPPATH\Controllers\Usuarios.php on line 66.
 1 SYSTEMPATH\CodeIgniter.php(896): App\Controllers\Usuarios->exibir('vendor', 'bootstrap', 'js', 'bootstrap.bundle.min.js')
 2 SYSTEMPATH\CodeIgniter.php(466): CodeIgniter\CodeIgniter->runController(Object(App\Controllers\Usuarios))
 3 SYSTEMPATH\CodeIgniter.php(349): CodeIgniter\CodeIgniter->handleRequest(null, Object(Config\Cache), false)
 4 FCPATH\index.php(55): CodeIgniter\CodeIgniter->run()
 5 SYSTEMPATH\Commands\Server\rewrite.php(43): require_once('FCPATH\\index.php')
CRITICAL - 2022-08-02 17:09:51 --> App\Controllers\Usuarios::exibir(): Argument #1 ($id) must be of type ?int, string given, called in C:\xampp\htdocs\codeigniter-ead\vendor\codeigniter4\framework\system\CodeIgniter.php on line 896
in APPPATH\Controllers\Usuarios.php on line 66.
 1 SYSTEMPATH\CodeIgniter.php(896): App\Controllers\Usuarios->exibir('vendor', 'bootstrap', 'js', 'bootstrap.bundle.min.js')
 2 SYSTEMPATH\CodeIgniter.php(466): CodeIgniter\CodeIgniter->runController(Object(App\Controllers\Usuarios))
 3 SYSTEMPATH\CodeIgniter.php(349): CodeIgniter\CodeIgniter->handleRequest(null, Object(Config\Cache), false)
 4 FCPATH\index.php(55): CodeIgniter\CodeIgniter->run()
 5 SYSTEMPATH\Commands\Server\rewrite.php(43): require_once('FCPATH\\index.php')
CRITICAL - 2022-08-02 17:10:07 --> App\Controllers\Usuarios::exibir(): Argument #1 ($id) must be of type ?int, string given, called in C:\xampp\htdocs\codeigniter-ead\vendor\codeigniter4\framework\system\CodeIgniter.php on line 896
in APPPATH\Controllers\Usuarios.php on line 66.
 1 SYSTEMPATH\CodeIgniter.php(896): App\Controllers\Usuarios->exibir('vendor', 'bootstrap', 'js', 'bootstrap.bundle.min.js')
 2 SYSTEMPATH\CodeIgniter.php(466): CodeIgniter\CodeIgniter->runController(Object(App\Controllers\Usuarios))
 3 SYSTEMPATH\CodeIgniter.php(349): CodeIgniter\CodeIgniter->handleRequest(null, Object(Config\Cache), false)
 4 FCPATH\index.php(55): CodeIgniter\CodeIgniter->run()
 5 SYSTEMPATH\Commands\Server\rewrite.php(43): require_once('FCPATH\\index.php')
CRITICAL - 2022-08-02 17:10:22 --> App\Controllers\Usuarios::exibir(): Argument #1 ($id) must be of type ?int, string given, called in C:\xampp\htdocs\codeigniter-ead\vendor\codeigniter4\framework\system\CodeIgniter.php on line 896
in APPPATH\Controllers\Usuarios.php on line 66.
 1 SYSTEMPATH\CodeIgniter.php(896): App\Controllers\Usuarios->exibir('vendor', 'bootstrap', 'js', 'bootstrap.bundle.min.js')
 2 SYSTEMPATH\CodeIgniter.php(466): CodeIgniter\CodeIgniter->runController(Object(App\Controllers\Usuarios))
 3 SYSTEMPATH\CodeIgniter.php(349): CodeIgniter\CodeIgniter->handleRequest(null, Object(Config\Cache), false)
 4 FCPATH\index.php(55): CodeIgniter\CodeIgniter->run()
 5 SYSTEMPATH\Commands\Server\rewrite.php(43): require_once('FCPATH\\index.php')
CRITICAL - 2022-08-02 17:11:11 --> App\Controllers\Usuarios::exibir(): Argument #1 ($id) must be of type ?int, string given, called in C:\xampp\htdocs\codeigniter-ead\vendor\codeigniter4\framework\system\CodeIgniter.php on line 896
in APPPATH\Controllers\Usuarios.php on line 66.
 1 SYSTEMPATH\CodeIgniter.php(896): App\Controllers\Usuarios->exibir('vendor', 'bootstrap', 'js', 'bootstrap.bundle.min.js')
 2 SYSTEMPATH\CodeIgniter.php(466): CodeIgniter\CodeIgniter->runController(Object(App\Controllers\Usuarios))
 3 SYSTEMPATH\CodeIgniter.php(349): CodeIgniter\CodeIgniter->handleRequest(null, Object(Config\Cache), false)
 4 FCPATH\index.php(55): CodeIgniter\CodeIgniter->run()
 5 SYSTEMPATH\Commands\Server\rewrite.php(43): require_once('FCPATH\\index.php')
CRITICAL - 2022-08-02 17:15:03 --> App\Controllers\Usuarios::exibir(): Argument #1 ($id) must be of type ?int, string given, called in C:\xampp\htdocs\codeigniter-ead\vendor\codeigniter4\framework\system\CodeIgniter.php on line 896
in APPPATH\Controllers\Usuarios.php on line 66.
 1 SYSTEMPATH\CodeIgniter.php(896): App\Controllers\Usuarios->exibir('vendor', 'bootstrap', 'js', 'bootstrap.bundle.min.js')
 2 SYSTEMPATH\CodeIgniter.php(466): CodeIgniter\CodeIgniter->runController(Object(App\Controllers\Usuarios))
 3 SYSTEMPATH\CodeIgniter.php(349): CodeIgniter\CodeIgniter->handleRequest(null, Object(Config\Cache), false)
 4 FCPATH\index.php(55): CodeIgniter\CodeIgniter->run()
 5 SYSTEMPATH\Commands\Server\rewrite.php(43): require_once('FCPATH\\index.php')
CRITICAL - 2022-08-02 17:18:06 --> App\Controllers\Usuarios::exibir(): Argument #1 ($id) must be of type ?int, string given, called in C:\xampp\htdocs\codeigniter-ead\vendor\codeigniter4\framework\system\CodeIgniter.php on line 896
in APPPATH\Controllers\Usuarios.php on line 66.
 1 SYSTEMPATH\CodeIgniter.php(896): App\Controllers\Usuarios->exibir('vendor', 'bootstrap', 'js', 'bootstrap.bundle.min.js')
 2 SYSTEMPATH\CodeIgniter.php(466): CodeIgniter\CodeIgniter->runController(Object(App\Controllers\Usuarios))
 3 SYSTEMPATH\CodeIgniter.php(349): CodeIgniter\CodeIgniter->handleRequest(null, Object(Config\Cache), false)
 4 FCPATH\index.php(55): CodeIgniter\CodeIgniter->run()
 5 SYSTEMPATH\Commands\Server\rewrite.php(43): require_once('FCPATH\\index.php')
CRITICAL - 2022-08-02 17:22:14 --> App\Controllers\Usuarios::exibir(): Argument #1 ($id) must be of type ?int, string given, called in C:\xampp\htdocs\codeigniter-ead\vendor\codeigniter4\framework\system\CodeIgniter.php on line 896
in APPPATH\Controllers\Usuarios.php on line 66.
 1 SYSTEMPATH\CodeIgniter.php(896): App\Controllers\Usuarios->exibir('vendor', 'bootstrap', 'js', 'bootstrap.bundle.min.js')
 2 SYSTEMPATH\CodeIgniter.php(466): CodeIgniter\CodeIgniter->runController(Object(App\Controllers\Usuarios))
 3 SYSTEMPATH\CodeIgniter.php(349): CodeIgniter\CodeIgniter->handleRequest(null, Object(Config\Cache), false)
 4 FCPATH\index.php(55): CodeIgniter\CodeIgniter->run()
 5 SYSTEMPATH\Commands\Server\rewrite.php(43): require_once('FCPATH\\index.php')
CRITICAL - 2022-08-02 17:23:11 --> App\Controllers\Usuarios::exibir(): Argument #1 ($id) must be of type ?int, string given, called in C:\xampp\htdocs\codeigniter-ead\vendor\codeigniter4\framework\system\CodeIgniter.php on line 896
in APPPATH\Controllers\Usuarios.php on line 66.
 1 SYSTEMPATH\CodeIgniter.php(896): App\Controllers\Usuarios->exibir('vendor', 'bootstrap', 'js', 'bootstrap.bundle.min.js')
 2 SYSTEMPATH\CodeIgniter.php(466): CodeIgniter\CodeIgniter->runController(Object(App\Controllers\Usuarios))
 3 SYSTEMPATH\CodeIgniter.php(349): CodeIgniter\CodeIgniter->handleRequest(null, Object(Config\Cache), false)
 4 FCPATH\index.php(55): CodeIgniter\CodeIgniter->run()
 5 SYSTEMPATH\Commands\Server\rewrite.php(43): require_once('FCPATH\\index.php')
CRITICAL - 2022-08-02 17:24:03 --> App\Controllers\Usuarios::exibir(): Argument #1 ($id) must be of type ?int, string given, called in C:\xampp\htdocs\codeigniter-ead\vendor\codeigniter4\framework\system\CodeIgniter.php on line 896
in APPPATH\Controllers\Usuarios.php on line 66.
 1 SYSTEMPATH\CodeIgniter.php(896): App\Controllers\Usuarios->exibir('vendor', 'bootstrap', 'js', 'bootstrap.bundle.min.js')
 2 SYSTEMPATH\CodeIgniter.php(466): CodeIgniter\CodeIgniter->runController(Object(App\Controllers\Usuarios))
 3 SYSTEMPATH\CodeIgniter.php(349): CodeIgniter\CodeIgniter->handleRequest(null, Object(Config\Cache), false)
 4 FCPATH\index.php(55): CodeIgniter\CodeIgniter->run()
 5 SYSTEMPATH\Commands\Server\rewrite.php(43): require_once('FCPATH\\index.php')
CRITICAL - 2022-08-02 17:24:14 --> App\Controllers\Usuarios::exibir(): Argument #1 ($id) must be of type ?int, string given, called in C:\xampp\htdocs\codeigniter-ead\vendor\codeigniter4\framework\system\CodeIgniter.php on line 896
in APPPATH\Controllers\Usuarios.php on line 66.
 1 SYSTEMPATH\CodeIgniter.php(896): App\Controllers\Usuarios->exibir('vendor', 'bootstrap', 'js', 'bootstrap.bundle.min.js')
 2 SYSTEMPATH\CodeIgniter.php(466): CodeIgniter\CodeIgniter->runController(Object(App\Controllers\Usuarios))
 3 SYSTEMPATH\CodeIgniter.php(349): CodeIgniter\CodeIgniter->handleRequest(null, Object(Config\Cache), false)
 4 FCPATH\index.php(55): CodeIgniter\CodeIgniter->run()
 5 SYSTEMPATH\Commands\Server\rewrite.php(43): require_once('FCPATH\\index.php')
CRITICAL - 2022-08-02 17:33:06 --> App\Controllers\Usuarios::exibir(): Argument #1 ($id) must be of type ?int, string given, called in C:\xampp\htdocs\codeigniter-ead\vendor\codeigniter4\framework\system\CodeIgniter.php on line 896
in APPPATH\Controllers\Usuarios.php on line 66.
 1 SYSTEMPATH\CodeIgniter.php(896): App\Controllers\Usuarios->exibir('vendor', 'bootstrap', 'js', 'bootstrap.bundle.min.js')
 2 SYSTEMPATH\CodeIgniter.php(466): CodeIgniter\CodeIgniter->runController(Object(App\Controllers\Usuarios))
 3 SYSTEMPATH\CodeIgniter.php(349): CodeIgniter\CodeIgniter->handleRequest(null, Object(Config\Cache), false)
 4 FCPATH\index.php(55): CodeIgniter\CodeIgniter->run()
 5 SYSTEMPATH\Commands\Server\rewrite.php(43): require_once('FCPATH\\index.php')
CRITICAL - 2022-08-02 17:33:42 --> App\Controllers\Usuarios::exibir(): Argument #1 ($id) must be of type ?int, string given, called in C:\xampp\htdocs\codeigniter-ead\vendor\codeigniter4\framework\system\CodeIgniter.php on line 896
in APPPATH\Controllers\Usuarios.php on line 66.
 1 SYSTEMPATH\CodeIgniter.php(896): App\Controllers\Usuarios->exibir('vendor', 'bootstrap', 'js', 'bootstrap.bundle.min.js')
 2 SYSTEMPATH\CodeIgniter.php(466): CodeIgniter\CodeIgniter->runController(Object(App\Controllers\Usuarios))
 3 SYSTEMPATH\CodeIgniter.php(349): CodeIgniter\CodeIgniter->handleRequest(null, Object(Config\Cache), false)
 4 FCPATH\index.php(55): CodeIgniter\CodeIgniter->run()
 5 SYSTEMPATH\Commands\Server\rewrite.php(43): require_once('FCPATH\\index.php')
CRITICAL - 2022-08-02 17:45:31 --> App\Controllers\Usuarios::exibir(): Argument #1 ($id) must be of type ?int, string given, called in C:\xampp\htdocs\codeigniter-ead\vendor\codeigniter4\framework\system\CodeIgniter.php on line 896
in APPPATH\Controllers\Usuarios.php on line 66.
 1 SYSTEMPATH\CodeIgniter.php(896): App\Controllers\Usuarios->exibir('vendor', 'bootstrap', 'js', 'bootstrap.bundle.min.js')
 2 SYSTEMPATH\CodeIgniter.php(466): CodeIgniter\CodeIgniter->runController(Object(App\Controllers\Usuarios))
 3 SYSTEMPATH\CodeIgniter.php(349): CodeIgniter\CodeIgniter->handleRequest(null, Object(Config\Cache), false)
 4 FCPATH\index.php(55): CodeIgniter\CodeIgniter->run()
 5 SYSTEMPATH\Commands\Server\rewrite.php(43): require_once('FCPATH\\index.php')
CRITICAL - 2022-08-02 17:46:22 --> App\Controllers\Usuarios::exibir(): Argument #1 ($id) must be of type ?int, string given, called in C:\xampp\htdocs\codeigniter-ead\vendor\codeigniter4\framework\system\CodeIgniter.php on line 896
in APPPATH\Controllers\Usuarios.php on line 66.
 1 SYSTEMPATH\CodeIgniter.php(896): App\Controllers\Usuarios->exibir('vendor', 'bootstrap', 'js', 'bootstrap.bundle.min.js')
 2 SYSTEMPATH\CodeIgniter.php(466): CodeIgniter\CodeIgniter->runController(Object(App\Controllers\Usuarios))
 3 SYSTEMPATH\CodeIgniter.php(349): CodeIgniter\CodeIgniter->handleRequest(null, Object(Config\Cache), false)
 4 FCPATH\index.php(55): CodeIgniter\CodeIgniter->run()
 5 SYSTEMPATH\Commands\Server\rewrite.php(43): require_once('FCPATH\\index.php')
CRITICAL - 2022-08-02 17:47:32 --> App\Controllers\Usuarios::exibir(): Argument #1 ($id) must be of type ?int, string given, called in C:\xampp\htdocs\codeigniter-ead\vendor\codeigniter4\framework\system\CodeIgniter.php on line 896
in APPPATH\Controllers\Usuarios.php on line 66.
 1 SYSTEMPATH\CodeIgniter.php(896): App\Controllers\Usuarios->exibir('vendor', 'bootstrap', 'js', 'bootstrap.bundle.min.js')
 2 SYSTEMPATH\CodeIgniter.php(466): CodeIgniter\CodeIgniter->runController(Object(App\Controllers\Usuarios))
 3 SYSTEMPATH\CodeIgniter.php(349): CodeIgniter\CodeIgniter->handleRequest(null, Object(Config\Cache), false)
 4 FCPATH\index.php(55): CodeIgniter\CodeIgniter->run()
 5 SYSTEMPATH\Commands\Server\rewrite.php(43): require_once('FCPATH\\index.php')
CRITICAL - 2022-08-02 17:48:17 --> App\Controllers\Usuarios::exibir(): Argument #1 ($id) must be of type ?int, string given, called in C:\xampp\htdocs\codeigniter-ead\vendor\codeigniter4\framework\system\CodeIgniter.php on line 896
in APPPATH\Controllers\Usuarios.php on line 66.
 1 SYSTEMPATH\CodeIgniter.php(896): App\Controllers\Usuarios->exibir('vendor', 'bootstrap', 'js', 'bootstrap.bundle.min.js')
 2 SYSTEMPATH\CodeIgniter.php(466): CodeIgniter\CodeIgniter->runController(Object(App\Controllers\Usuarios))
 3 SYSTEMPATH\CodeIgniter.php(349): CodeIgniter\CodeIgniter->handleRequest(null, Object(Config\Cache), false)
 4 FCPATH\index.php(55): CodeIgniter\CodeIgniter->run()
 5 SYSTEMPATH\Commands\Server\rewrite.php(43): require_once('FCPATH\\index.php')
CRITICAL - 2022-08-02 17:50:53 --> App\Controllers\Usuarios::exibir(): Argument #1 ($id) must be of type ?int, string given, called in C:\xampp\htdocs\codeigniter-ead\vendor\codeigniter4\framework\system\CodeIgniter.php on line 896
in APPPATH\Controllers\Usuarios.php on line 66.
 1 SYSTEMPATH\CodeIgniter.php(896): App\Controllers\Usuarios->exibir('vendor', 'bootstrap', 'js', 'bootstrap.bundle.min.js')
 2 SYSTEMPATH\CodeIgniter.php(466): CodeIgniter\CodeIgniter->runController(Object(App\Controllers\Usuarios))
 3 SYSTEMPATH\CodeIgniter.php(349): CodeIgniter\CodeIgniter->handleRequest(null, Object(Config\Cache), false)
 4 FCPATH\index.php(55): CodeIgniter\CodeIgniter->run()
 5 SYSTEMPATH\Commands\Server\rewrite.php(43): require_once('FCPATH\\index.php')
CRITICAL - 2022-08-02 17:52:59 --> App\Controllers\Usuarios::exibir(): Argument #1 ($id) must be of type ?int, string given, called in C:\xampp\htdocs\codeigniter-ead\vendor\codeigniter4\framework\system\CodeIgniter.php on line 896
in APPPATH\Controllers\Usuarios.php on line 66.
 1 SYSTEMPATH\CodeIgniter.php(896): App\Controllers\Usuarios->exibir('vendor', 'bootstrap', 'js', 'bootstrap.bundle.min.js')
 2 SYSTEMPATH\CodeIgniter.php(466): CodeIgniter\CodeIgniter->runController(Object(App\Controllers\Usuarios))
 3 SYSTEMPATH\CodeIgniter.php(349): CodeIgniter\CodeIgniter->handleRequest(null, Object(Config\Cache), false)
 4 FCPATH\index.php(55): CodeIgniter\CodeIgniter->run()
 5 SYSTEMPATH\Commands\Server\rewrite.php(43): require_once('FCPATH\\index.php')
CRITICAL - 2022-08-02 17:53:17 --> App\Controllers\Usuarios::exibir(): Argument #1 ($id) must be of type ?int, string given, called in C:\xampp\htdocs\codeigniter-ead\vendor\codeigniter4\framework\system\CodeIgniter.php on line 896
in APPPATH\Controllers\Usuarios.php on line 66.
 1 SYSTEMPATH\CodeIgniter.php(896): App\Controllers\Usuarios->exibir('vendor', 'bootstrap', 'js', 'bootstrap.bundle.min.js')
 2 SYSTEMPATH\CodeIgniter.php(466): CodeIgniter\CodeIgniter->runController(Object(App\Controllers\Usuarios))
 3 SYSTEMPATH\CodeIgniter.php(349): CodeIgniter\CodeIgniter->handleRequest(null, Object(Config\Cache), false)
 4 FCPATH\index.php(55): CodeIgniter\CodeIgniter->run()
 5 SYSTEMPATH\Commands\Server\rewrite.php(43): require_once('FCPATH\\index.php')
CRITICAL - 2022-08-02 17:54:44 --> App\Controllers\Usuarios::exibir(): Argument #1 ($id) must be of type ?int, string given, called in C:\xampp\htdocs\codeigniter-ead\vendor\codeigniter4\framework\system\CodeIgniter.php on line 896
in APPPATH\Controllers\Usuarios.php on line 66.
 1 SYSTEMPATH\CodeIgniter.php(896): App\Controllers\Usuarios->exibir('vendor', 'bootstrap', 'js', 'bootstrap.bundle.min.js')
 2 SYSTEMPATH\CodeIgniter.php(466): CodeIgniter\CodeIgniter->runController(Object(App\Controllers\Usuarios))
 3 SYSTEMPATH\CodeIgniter.php(349): CodeIgniter\CodeIgniter->handleRequest(null, Object(Config\Cache), false)
 4 FCPATH\index.php(55): CodeIgniter\CodeIgniter->run()
 5 SYSTEMPATH\Commands\Server\rewrite.php(43): require_once('FCPATH\\index.php')
CRITICAL - 2022-08-02 18:04:42 --> App\Controllers\Usuarios::exibir(): Argument #1 ($id) must be of type ?int, string given, called in C:\xampp\htdocs\codeigniter-ead\vendor\codeigniter4\framework\system\CodeIgniter.php on line 896
in APPPATH\Controllers\Usuarios.php on line 66.
 1 SYSTEMPATH\CodeIgniter.php(896): App\Controllers\Usuarios->exibir('vendor', 'bootstrap', 'js', 'bootstrap.bundle.min.js')
 2 SYSTEMPATH\CodeIgniter.php(466): CodeIgniter\CodeIgniter->runController(Object(App\Controllers\Usuarios))
 3 SYSTEMPATH\CodeIgniter.php(349): CodeIgniter\CodeIgniter->handleRequest(null, Object(Config\Cache), false)
 4 FCPATH\index.php(55): CodeIgniter\CodeIgniter->run()
 5 SYSTEMPATH\Commands\Server\rewrite.php(43): require_once('FCPATH\\index.php')
CRITICAL - 2022-08-02 18:05:30 --> App\Controllers\Usuarios::exibir(): Argument #1 ($id) must be of type ?int, string given, called in C:\xampp\htdocs\codeigniter-ead\vendor\codeigniter4\framework\system\CodeIgniter.php on line 896
in APPPATH\Controllers\Usuarios.php on line 66.
 1 SYSTEMPATH\CodeIgniter.php(896): App\Controllers\Usuarios->exibir('vendor', 'bootstrap', 'js', 'bootstrap.bundle.min.js')
 2 SYSTEMPATH\CodeIgniter.php(466): CodeIgniter\CodeIgniter->runController(Object(App\Controllers\Usuarios))
 3 SYSTEMPATH\CodeIgniter.php(349): CodeIgniter\CodeIgniter->handleRequest(null, Object(Config\Cache), false)
 4 FCPATH\index.php(55): CodeIgniter\CodeIgniter->run()
 5 SYSTEMPATH\Commands\Server\rewrite.php(43): require_once('FCPATH\\index.php')
CRITICAL - 2022-08-02 18:09:24 --> App\Controllers\Usuarios::exibir(): Argument #1 ($id) must be of type ?int, string given, called in C:\xampp\htdocs\codeigniter-ead\vendor\codeigniter4\framework\system\CodeIgniter.php on line 896
in APPPATH\Controllers\Usuarios.php on line 66.
 1 SYSTEMPATH\CodeIgniter.php(896): App\Controllers\Usuarios->exibir('vendor', 'bootstrap', 'js', 'bootstrap.bundle.min.js')
 2 SYSTEMPATH\CodeIgniter.php(466): CodeIgniter\CodeIgniter->runController(Object(App\Controllers\Usuarios))
 3 SYSTEMPATH\CodeIgniter.php(349): CodeIgniter\CodeIgniter->handleRequest(null, Object(Config\Cache), false)
 4 FCPATH\index.php(55): CodeIgniter\CodeIgniter->run()
 5 SYSTEMPATH\Commands\Server\rewrite.php(43): require_once('FCPATH\\index.php')
CRITICAL - 2022-08-02 18:10:41 --> App\Controllers\Usuarios::exibir(): Argument #1 ($id) must be of type ?int, string given, called in C:\xampp\htdocs\codeigniter-ead\vendor\codeigniter4\framework\system\CodeIgniter.php on line 896
in APPPATH\Controllers\Usuarios.php on line 66.
 1 SYSTEMPATH\CodeIgniter.php(896): App\Controllers\Usuarios->exibir('vendor', 'bootstrap', 'js', 'bootstrap.bundle.min.js')
 2 SYSTEMPATH\CodeIgniter.php(466): CodeIgniter\CodeIgniter->runController(Object(App\Controllers\Usuarios))
 3 SYSTEMPATH\CodeIgniter.php(349): CodeIgniter\CodeIgniter->handleRequest(null, Object(Config\Cache), false)
 4 FCPATH\index.php(55): CodeIgniter\CodeIgniter->run()
 5 SYSTEMPATH\Commands\Server\rewrite.php(43): require_once('FCPATH\\index.php')
CRITICAL - 2022-08-02 18:12:57 --> setlocale(): Argument #1 ($category) must be of type int, string given
in APPPATH\Views\Usuarios\exibir.php on line 48.
 1 APPPATH\Views\Usuarios\exibir.php(48): setlocale('America/Belem', '2022/08/01 10:17:10')
 2 SYSTEMPATH\View\View.php(213): include('APPPATH\\Views\\Usuarios\\exibir.php')
 3 SYSTEMPATH\View\View.php(216): CodeIgniter\View\View->CodeIgniter\View\{closure}()
 4 SYSTEMPATH\Common.php(1135): CodeIgniter\View\View->render('Usuarios/exibir', [], true)
 5 APPPATH\Controllers\Usuarios.php(76): view('Usuarios/exibir', [...])
 6 SYSTEMPATH\CodeIgniter.php(896): App\Controllers\Usuarios->exibir(10)
 7 SYSTEMPATH\CodeIgniter.php(466): CodeIgniter\CodeIgniter->runController(Object(App\Controllers\Usuarios))
 8 SYSTEMPATH\CodeIgniter.php(349): CodeIgniter\CodeIgniter->handleRequest(null, Object(Config\Cache), false)
 9 FCPATH\index.php(55): CodeIgniter\CodeIgniter->run()
10 SYSTEMPATH\Commands\Server\rewrite.php(43): require_once('FCPATH\\index.php')
CRITICAL - 2022-08-02 18:14:13 --> App\Controllers\Usuarios::exibir(): Argument #1 ($id) must be of type ?int, string given, called in C:\xampp\htdocs\codeigniter-ead\vendor\codeigniter4\framework\system\CodeIgniter.php on line 896
in APPPATH\Controllers\Usuarios.php on line 66.
 1 SYSTEMPATH\CodeIgniter.php(896): App\Controllers\Usuarios->exibir('vendor', 'bootstrap', 'js', 'bootstrap.bundle.min.js')
 2 SYSTEMPATH\CodeIgniter.php(466): CodeIgniter\CodeIgniter->runController(Object(App\Controllers\Usuarios))
 3 SYSTEMPATH\CodeIgniter.php(349): CodeIgniter\CodeIgniter->handleRequest(null, Object(Config\Cache), false)
 4 FCPATH\index.php(55): CodeIgniter\CodeIgniter->run()
 5 SYSTEMPATH\Commands\Server\rewrite.php(43): require_once('FCPATH\\index.php')
CRITICAL - 2022-08-02 18:14:25 --> App\Controllers\Usuarios::exibir(): Argument #1 ($id) must be of type ?int, string given, called in C:\xampp\htdocs\codeigniter-ead\vendor\codeigniter4\framework\system\CodeIgniter.php on line 896
in APPPATH\Controllers\Usuarios.php on line 66.
 1 SYSTEMPATH\CodeIgniter.php(896): App\Controllers\Usuarios->exibir('vendor', 'bootstrap', 'js', 'bootstrap.bundle.min.js')
 2 SYSTEMPATH\CodeIgniter.php(466): CodeIgniter\CodeIgniter->runController(Object(App\Controllers\Usuarios))
 3 SYSTEMPATH\CodeIgniter.php(349): CodeIgniter\CodeIgniter->handleRequest(null, Object(Config\Cache), false)
 4 FCPATH\index.php(55): CodeIgniter\CodeIgniter->run()
 5 SYSTEMPATH\Commands\Server\rewrite.php(43): require_once('FCPATH\\index.php')
